Using pre-set license
Built from '2020.3/staging' branch; Version is '2020.3.0f1 (c7b5465681fb) revision 13088070'; Using compiler version '192528614'; Build Type 'Release'
OS: 'Windows 10 Pro; OS build 19042.630; Version 2009; 64bit' Language: 'es' Physical Memory: 32552 MB
BatchMode: 1, IsHumanControllingUs: 0, StartBugReporterOnCrash: 0, Is64bit: 1, IsPro: 0

 COMMAND LINE ARGUMENTS:
C:\Program Files\Unity\Hub\Editor\2020.3.0f1\Editor\Unity.exe
-adb2
-batchMode
-noUpm
-name
AssetImportWorker0
-projectPath
C:/Users/Lab-RV-BP-02/Box/FireSimulationv20203
-logFile
Logs/AssetImportWorker0.log
-srvPort
49843
Successfully changed project path to: C:/Users/Lab-RV-BP-02/Box/FireSimulationv20203
C:/Users/Lab-RV-BP-02/Box/FireSimulationv20203
Using Asset Import Pipeline V2.
Refreshing native plugins compatible for Editor in 1534.34 ms, found 13 plugins.
Preloading 1 native plugins for Editor in 5.18 ms.
Initialize engine version: 2020.3.0f1 (c7b5465681fb)
[Subsystems] Discovering subsystems at path C:/Program Files/Unity/Hub/Editor/2020.3.0f1/Editor/Data/Resources/UnitySubsystems
[Subsystems] Discovering subsystems at path C:/Users/Lab-RV-BP-02/Box/FireSimulationv20203/Assets
GfxDevice: creating device client; threaded=0
Direct3D:
    Version:  Direct3D 11.0 [level 11.1]
    Renderer: NVIDIA GeForce RTX 2080 (ID=0x1e90)
    Vendor:   
    VRAM:     8010 MB
    Driver:   27.21.14.6093
Initialize mono
Mono path[0] = 'C:/Program Files/Unity/Hub/Editor/2020.3.0f1/Editor/Data/Managed'
Mono path[1] = 'C:/Program Files/Unity/Hub/Editor/2020.3.0f1/Editor/Data/MonoBleedingEdge/lib/mono/unityjit'
Mono config path = 'C:/Program Files/Unity/Hub/Editor/2020.3.0f1/Editor/Data/MonoBleedingEdge/etc'
Using monoOptions --debugger-agent=transport=dt_socket,embedding=1,server=y,suspend=n,address=127.0.0.1:56848
Begin MonoManager ReloadAssembly
Registering precompiled unity dll's ...
Register platform support module: C:/Program Files/Unity/Hub/Editor/2020.3.0f1/Editor/Data/PlaybackEngines/WindowsStandaloneSupport/UnityEditor.WindowsStandalone.Extensions.dll
Registered in 0.002120 seconds.
Native extension for WindowsStandalone target not found
Refreshing native plugins compatible for Editor in 50.67 ms, found 13 plugins.
Preloading 1 native plugins for Editor in 0.44 ms.
Invoked RoslynAnalysisRunner static constructor.
RoslynAnalysisRunner will not be running.
RoslynAnalysisRunner has terminated.
Mono: successfully reloaded assembly
- Completed reload, in  1.102 seconds
Platform modules already initialized, skipping
Registering precompiled user dll's ...
Registered in 1.041977 seconds.
Begin MonoManager ReloadAssembly
Native extension for WindowsStandalone target not found
Refreshing native plugins compatible for Editor in 0.76 ms, found 13 plugins.
Preloading 1 native plugins for Editor in 0.34 ms.
Invoked RoslynAnalysisRunner static constructor.
RoslynAnalysisRunner will not be running.
RoslynAnalysisRunner has terminated.
Mono: successfully reloaded assembly
- Completed reload, in  2.126 seconds
Platform modules already initialized, skipping
========================================================================
Worker process is ready to serve import requests
Launched and connected shader compiler UnityShaderCompiler.exe after 0.04 seconds
Refreshing native plugins compatible for Editor in 0.66 ms, found 13 plugins.
Preloading 1 native plugins for Editor in 0.25 ms.
Unloading 1464 Unused Serialized files (Serialized files now loaded: 0)
System memory in use before: 68.0 MB.
System memory in use after: 68.0 MB.

Unloading 62 unused Assets to reduce memory usage. Loaded Objects now: 1858.
Total: 1.854400 ms (FindLiveObjects: 0.180500 ms CreateObjectMapping: 0.049300 ms MarkObjects: 1.525700 ms  DeleteObjects: 0.097200 ms)

========================================================================
Received Import Request.
  path: Assets/Prefabs/Extinguisher.prefab
  artifactKey: Guid(d2eccd9c34f7f4e4ea1b003fde80143f) Importer(815301076,1909f56bfc062723c751e8b465ee728b)
Start importing Assets/Prefabs/Extinguisher.prefab using Guid(d2eccd9c34f7f4e4ea1b003fde80143f) Importer(815301076,1909f56bfc062723c751e8b465ee728b)  -> (artifact id: 'd76766f76ce2315fa8d62ffcdeb624eb') in 0.193842 seconds
  Import took 0.204618 seconds .

========================================================================
Received Import Request.
  Time since last request: 0.000721 seconds.
  path: Assets/ZSP Assets/prefabs/Fire Extinguisher.prefab
  artifactKey: Guid(cd6586701d40fc1458851e7a1be6b032) Importer(815301076,1909f56bfc062723c751e8b465ee728b)
Start importing Assets/ZSP Assets/prefabs/Fire Extinguisher.prefab using Guid(cd6586701d40fc1458851e7a1be6b032) Importer(815301076,1909f56bfc062723c751e8b465ee728b)  -> (artifact id: '03d9002ba6291917f822960888d89115') in 0.177880 seconds
  Import took 0.181776 seconds .

========================================================================
Received Import Request.
  Time since last request: 1.575521 seconds.
  path: Assets/ZSP Assets/prefabs/Fire Extinguisher.prefab
  artifactKey: Guid(cd6586701d40fc1458851e7a1be6b032) Importer(815301076,1909f56bfc062723c751e8b465ee728b)
Start importing Assets/ZSP Assets/prefabs/Fire Extinguisher.prefab using Guid(cd6586701d40fc1458851e7a1be6b032) Importer(815301076,1909f56bfc062723c751e8b465ee728b)  -> (artifact id: 'f3bdf94d0e5a0dc39af4087477c3180f') in 0.117223 seconds
  Import took 0.127328 seconds .

========================================================================
Received Prepare
Registering precompiled user dll's ...
Registered in 1.080884 seconds.
Begin MonoManager ReloadAssembly
Native extension for WindowsStandalone target not found
Refreshing native plugins compatible for Editor in 0.85 ms, found 13 plugins.
Preloading 1 native plugins for Editor in 0.51 ms.
Invoked RoslynAnalysisRunner static constructor.
RoslynAnalysisRunner will not be running.
RoslynAnalysisRunner has terminated.
Mono: successfully reloaded assembly
- Completed reload, in  2.130 seconds
Platform modules already initialized, skipping
Switching build target platform(5) subTarget(0) extendedPlatform(0) -> platform(21) subTarget(0) extendedPlatform(0)
Refreshing native plugins compatible for Editor in 0.83 ms, found 13 plugins.
Preloading 1 native plugins for Editor in 0.30 ms.
Unloading 1440 Unused Serialized files (Serialized files now loaded: 0)
System memory in use before: 70.3 MB.
System memory in use after: 70.4 MB.

Unloading 57 unused Assets to reduce memory usage. Loaded Objects now: 1871.
Total: 2.243500 ms (FindLiveObjects: 0.166800 ms CreateObjectMapping: 0.043800 ms MarkObjects: 1.958800 ms  DeleteObjects: 0.072100 ms)

========================================================================
Received Prepare
Registering precompiled user dll's ...
Registered in 1.170339 seconds.
Begin MonoManager ReloadAssembly
Native extension for WindowsStandalone target not found
Refreshing native plugins compatible for Editor in 1.13 ms, found 13 plugins.
Preloading 1 native plugins for Editor in 0.48 ms.
Invoked RoslynAnalysisRunner static constructor.
RoslynAnalysisRunner will not be running.
RoslynAnalysisRunner has terminated.
Mono: successfully reloaded assembly
- Completed reload, in  4.288 seconds
Platform modules already initialized, skipping
Switching build target platform(5) subTarget(0) extendedPlatform(0) -> platform(21) subTarget(0) extendedPlatform(0)
Refreshing native plugins compatible for Editor in 0.70 ms, found 13 plugins.
Preloading 1 native plugins for Editor in 0.31 ms.
Unloading 1440 Unused Serialized files (Serialized files now loaded: 0)
System memory in use before: 70.4 MB.
System memory in use after: 70.4 MB.

Unloading 57 unused Assets to reduce memory usage. Loaded Objects now: 1875.
Total: 1.739800 ms (FindLiveObjects: 0.145300 ms CreateObjectMapping: 0.053200 ms MarkObjects: 1.489200 ms  DeleteObjects: 0.051000 ms)

