Using pre-set license
Built from '2020.3/staging' branch; Version is '2020.3.0f1 (c7b5465681fb) revision 13088070'; Using compiler version '192528614'; Build Type 'Release'
OS: 'Windows 10 Pro; OS build 19042.630; Version 2009; 64bit' Language: 'es' Physical Memory: 32552 MB
BatchMode: 1, IsHumanControllingUs: 0, StartBugReporterOnCrash: 0, Is64bit: 1, IsPro: 0

 COMMAND LINE ARGUMENTS:
C:\Program Files\Unity\Hub\Editor\2020.3.0f1\Editor\Unity.exe
-adb2
-batchMode
-noUpm
-name
AssetImportWorker0
-projectPath
C:/Users/Lab-RV-BP-02/Box/FireSimulationv20203
-logFile
Logs/AssetImportWorker0.log
-srvPort
58805
Successfully changed project path to: C:/Users/Lab-RV-BP-02/Box/FireSimulationv20203
C:/Users/Lab-RV-BP-02/Box/FireSimulationv20203
Using Asset Import Pipeline V2.
Refreshing native plugins compatible for Editor in 1526.72 ms, found 13 plugins.
Preloading 1 native plugins for Editor in 4.20 ms.
Initialize engine version: 2020.3.0f1 (c7b5465681fb)
[Subsystems] Discovering subsystems at path C:/Program Files/Unity/Hub/Editor/2020.3.0f1/Editor/Data/Resources/UnitySubsystems
[Subsystems] Discovering subsystems at path C:/Users/Lab-RV-BP-02/Box/FireSimulationv20203/Assets
GfxDevice: creating device client; threaded=0
Direct3D:
    Version:  Direct3D 11.0 [level 11.1]
    Renderer: NVIDIA GeForce RTX 2080 (ID=0x1e90)
    Vendor:   
    VRAM:     8010 MB
    Driver:   27.21.14.6093
Initialize mono
Mono path[0] = 'C:/Program Files/Unity/Hub/Editor/2020.3.0f1/Editor/Data/Managed'
Mono path[1] = 'C:/Program Files/Unity/Hub/Editor/2020.3.0f1/Editor/Data/MonoBleedingEdge/lib/mono/unityjit'
Mono config path = 'C:/Program Files/Unity/Hub/Editor/2020.3.0f1/Editor/Data/MonoBleedingEdge/etc'
Using monoOptions --debugger-agent=transport=dt_socket,embedding=1,server=y,suspend=n,address=127.0.0.1:56180
Begin MonoManager ReloadAssembly
Registering precompiled unity dll's ...
Register platform support module: C:/Program Files/Unity/Hub/Editor/2020.3.0f1/Editor/Data/PlaybackEngines/WindowsStandaloneSupport/UnityEditor.WindowsStandalone.Extensions.dll
Registered in 0.002250 seconds.
Native extension for WindowsStandalone target not found
Refreshing native plugins compatible for Editor in 51.84 ms, found 13 plugins.
Preloading 1 native plugins for Editor in 0.50 ms.
Invoked RoslynAnalysisRunner static constructor.
RoslynAnalysisRunner will not be running.
RoslynAnalysisRunner has terminated.
Mono: successfully reloaded assembly
- Completed reload, in  1.065 seconds
Platform modules already initialized, skipping
Registering precompiled user dll's ...
Registered in 0.259035 seconds.
Begin MonoManager ReloadAssembly
Native extension for WindowsStandalone target not found
Refreshing native plugins compatible for Editor in 0.69 ms, found 13 plugins.
Preloading 1 native plugins for Editor in 0.30 ms.
Invoked RoslynAnalysisRunner static constructor.
RoslynAnalysisRunner will not be running.
RoslynAnalysisRunner has terminated.
Mono: successfully reloaded assembly
- Completed reload, in  2.187 seconds
Platform modules already initialized, skipping
========================================================================
Worker process is ready to serve import requests
Launched and connected shader compiler UnityShaderCompiler.exe after 0.04 seconds
Refreshing native plugins compatible for Editor in 0.65 ms, found 13 plugins.
Preloading 1 native plugins for Editor in 0.27 ms.
Unloading 1464 Unused Serialized files (Serialized files now loaded: 0)
System memory in use before: 68.2 MB.
System memory in use after: 68.3 MB.

Unloading 62 unused Assets to reduce memory usage. Loaded Objects now: 1859.
Total: 1.881500 ms (FindLiveObjects: 0.171200 ms CreateObjectMapping: 0.050200 ms MarkObjects: 1.583700 ms  DeleteObjects: 0.075000 ms)

========================================================================
Received Import Request.
  path: Assets/Materials/Blue_Mat.mat
  artifactKey: Guid(c89fc2788da87084699fffd345932a53) Importer(815301076,1909f56bfc062723c751e8b465ee728b)
Start importing Assets/Materials/Blue_Mat.mat using Guid(c89fc2788da87084699fffd345932a53) Importer(815301076,1909f56bfc062723c751e8b465ee728b)  -> (artifact id: '481688adcecf468b30b8cb4a38dfccd3') in 0.191238 seconds
  Import took 0.203021 seconds .

========================================================================
Received Import Request.
  Time since last request: 0.000676 seconds.
  path: Assets/Materials/Red_Material.mat
  artifactKey: Guid(0b211d4e6fb561f48b30cdfd1b28614c) Importer(815301076,1909f56bfc062723c751e8b465ee728b)
Start importing Assets/Materials/Red_Material.mat using Guid(0b211d4e6fb561f48b30cdfd1b28614c) Importer(815301076,1909f56bfc062723c751e8b465ee728b)  -> (artifact id: 'e084ce905c4722f549c8abe106a970eb') in 0.125191 seconds
  Import took 0.129801 seconds .

========================================================================
Received Import Request.
  Time since last request: 0.000662 seconds.
  path: Assets/ZSP Assets/Models/Materials/Fire_Axe_MAT.mat
  artifactKey: Guid(8ad8d1974077a8649a0dc9650257e8d9) Importer(815301076,1909f56bfc062723c751e8b465ee728b)
Start importing Assets/ZSP Assets/Models/Materials/Fire_Axe_MAT.mat using Guid(8ad8d1974077a8649a0dc9650257e8d9) Importer(815301076,1909f56bfc062723c751e8b465ee728b)  -> (artifact id: '8fe6f9c408d5a85c9785f043b47c4516') in 0.202053 seconds
  Import took 0.205922 seconds .

========================================================================
Received Import Request.
  Time since last request: 0.000466 seconds.
  path: Assets/Materials/Yellow_Mat.mat
  artifactKey: Guid(a46de60fb5293f14eb371168b557f006) Importer(815301076,1909f56bfc062723c751e8b465ee728b)
Start importing Assets/Materials/Yellow_Mat.mat using Guid(a46de60fb5293f14eb371168b557f006) Importer(815301076,1909f56bfc062723c751e8b465ee728b)  -> (artifact id: '7941a8e8b582d41bbf39583a1a9fea6d') in 0.152741 seconds
  Import took 0.157053 seconds .

========================================================================
Received Import Request.
  Time since last request: 0.000593 seconds.
  path: Assets/lab/source/bank_01AlphaMap.jpg
  artifactKey: Guid(02cfb3e9dd772ee428d54d73b6641823) Importer(815301076,1909f56bfc062723c751e8b465ee728b)
Start importing Assets/lab/source/bank_01AlphaMap.jpg using Guid(02cfb3e9dd772ee428d54d73b6641823) Importer(815301076,1909f56bfc062723c751e8b465ee728b)  -> (artifact id: '3ace6b5639ab6644b98735fdf1d86ff4') in 0.198872 seconds
  Import took 0.203069 seconds .

========================================================================
Received Import Request.
  Time since last request: 0.000567 seconds.
  path: Assets/ZSP Assets/Models/Materials/Flashlight_MAT.mat
  artifactKey: Guid(534afd410e9593a438df7a458ce0dde5) Importer(815301076,1909f56bfc062723c751e8b465ee728b)
Start importing Assets/ZSP Assets/Models/Materials/Flashlight_MAT.mat using Guid(534afd410e9593a438df7a458ce0dde5) Importer(815301076,1909f56bfc062723c751e8b465ee728b)  -> (artifact id: 'eb8f91935a600e75ad6cead57fac0a36') in 0.213617 seconds
  Import took 0.230764 seconds .

========================================================================
Received Import Request.
  Time since last request: 0.000537 seconds.
  path: Assets/Materials/Yellow_Material.mat
  artifactKey: Guid(979085a48e840924bb4957c5e8857ed4) Importer(815301076,1909f56bfc062723c751e8b465ee728b)
Start importing Assets/Materials/Yellow_Material.mat using Guid(979085a48e840924bb4957c5e8857ed4) Importer(815301076,1909f56bfc062723c751e8b465ee728b)  -> (artifact id: 'fe1a12e7ec5fc675d6a22258ba0c9088') in 0.216486 seconds
  Import took 0.221247 seconds .

========================================================================
Received Import Request.
  Time since last request: 0.000603 seconds.
  path: Assets/Antilatency/Integration/Models/Tag/Tag_Textures/Tag_Normal.tga
  artifactKey: Guid(531fed33986ec684796c93dd4c5258ee) Importer(815301076,1909f56bfc062723c751e8b465ee728b)
Start importing Assets/Antilatency/Integration/Models/Tag/Tag_Textures/Tag_Normal.tga using Guid(531fed33986ec684796c93dd4c5258ee) Importer(815301076,1909f56bfc062723c751e8b465ee728b)  -> (artifact id: '9bfc315f9297b0735463c6b70f70d83f') in 0.247731 seconds
  Import took 0.252160 seconds .

========================================================================
Received Import Request.
  Time since last request: 0.000774 seconds.
  path: Assets/Materials/White_Mat.mat
  artifactKey: Guid(e1bfb81a87c3269498399ff070325f33) Importer(815301076,1909f56bfc062723c751e8b465ee728b)
Start importing Assets/Materials/White_Mat.mat using Guid(e1bfb81a87c3269498399ff070325f33) Importer(815301076,1909f56bfc062723c751e8b465ee728b)  -> (artifact id: '61739614d3b871321de02048145f0be8') in 0.239447 seconds
  Import took 0.243650 seconds .

========================================================================
Received Import Request.
  Time since last request: 0.000608 seconds.
  path: Assets/Antilatency/Integration/Models/Bracer/Bracer_Textures/Bracer_EmissionMask.tga
  artifactKey: Guid(058389b00407f244fae7b03dd8d15847) Importer(815301076,1909f56bfc062723c751e8b465ee728b)
Start importing Assets/Antilatency/Integration/Models/Bracer/Bracer_Textures/Bracer_EmissionMask.tga using Guid(058389b00407f244fae7b03dd8d15847) Importer(815301076,1909f56bfc062723c751e8b465ee728b)  -> (artifact id: 'fd3b7157382c90dcd1695462d6d0b06a') in 0.249667 seconds
  Import took 0.263987 seconds .

========================================================================
Received Import Request.
  Time since last request: 0.000576 seconds.
  path: Assets/ZSP Assets/Models/Materials/FireExtinguisher_MAT.mat
  artifactKey: Guid(7073349068d5ab7459091868c37d6510) Importer(815301076,1909f56bfc062723c751e8b465ee728b)
Start importing Assets/ZSP Assets/Models/Materials/FireExtinguisher_MAT.mat using Guid(7073349068d5ab7459091868c37d6510) Importer(815301076,1909f56bfc062723c751e8b465ee728b)  -> (artifact id: '0d80d7633d991336b5cd0db13b4e50c6') in 0.295304 seconds
  Import took 0.300009 seconds .

========================================================================
Received Import Request.
  Time since last request: 0.000739 seconds.
  path: Assets/Materials/Black_Mat.mat
  artifactKey: Guid(3b79934c249c83a44b36c3fcf95776e3) Importer(815301076,1909f56bfc062723c751e8b465ee728b)
Start importing Assets/Materials/Black_Mat.mat using Guid(3b79934c249c83a44b36c3fcf95776e3) Importer(815301076,1909f56bfc062723c751e8b465ee728b)  -> (artifact id: 'f8b7ab3e7935dacd12d85e82a31fab44') in 0.268905 seconds
  Import took 0.273450 seconds .

========================================================================
Received Import Request.
  Time since last request: 0.000663 seconds.
  path: Assets/Antilatency/Integration/Models/Tag/Tag_Textures/Tag_EmissionMask.tga
  artifactKey: Guid(f8c848d5b5e9248438bc579e28fa86f3) Importer(815301076,1909f56bfc062723c751e8b465ee728b)
Start importing Assets/Antilatency/Integration/Models/Tag/Tag_Textures/Tag_EmissionMask.tga using Guid(f8c848d5b5e9248438bc579e28fa86f3) Importer(815301076,1909f56bfc062723c751e8b465ee728b)  -> (artifact id: '9af8279b362fe123b5a96173a307e261') in 0.291177 seconds
  Import took 0.296423 seconds .

========================================================================
Received Import Request.
  Time since last request: 0.000611 seconds.
  path: Assets/Antilatency/Integration/Resources/AltTrackingMarkers.mat
  artifactKey: Guid(53ea9bb8cb03f694c844913ace6e26e3) Importer(815301076,1909f56bfc062723c751e8b465ee728b)
Start importing Assets/Antilatency/Integration/Resources/AltTrackingMarkers.mat using Guid(53ea9bb8cb03f694c844913ace6e26e3) Importer(815301076,1909f56bfc062723c751e8b465ee728b)  -> (artifact id: 'aa682bddd7478eef351218d00da561f1') in 0.307185 seconds
  Import took 0.323069 seconds .

========================================================================
Received Import Request.
  Time since last request: 0.000565 seconds.
  path: Assets/Materials/Green_Mat.mat
  artifactKey: Guid(aee145d377d5ad84d81203d2de66245a) Importer(815301076,1909f56bfc062723c751e8b465ee728b)
Start importing Assets/Materials/Green_Mat.mat using Guid(aee145d377d5ad84d81203d2de66245a) Importer(815301076,1909f56bfc062723c751e8b465ee728b)  -> (artifact id: '7867a0abc4a23a1e84e7b2b3520eac77') in 0.313693 seconds
  Import took 0.318476 seconds .

========================================================================
Received Import Request.
  Time since last request: 0.000706 seconds.
  path: Assets/lab/source/Capsule001AlphaMap.jpg
  artifactKey: Guid(b7d77efb2e1fd894db7b79c35b1c72a5) Importer(815301076,1909f56bfc062723c751e8b465ee728b)
Start importing Assets/lab/source/Capsule001AlphaMap.jpg using Guid(b7d77efb2e1fd894db7b79c35b1c72a5) Importer(815301076,1909f56bfc062723c751e8b465ee728b)  -> (artifact id: 'd0e7337f36f2332cb3e1025cf6d65732') in 0.332448 seconds
  Import took 0.337225 seconds .

========================================================================
Received Import Request.
  Time since last request: 0.000738 seconds.
  path: Assets/Antilatency/Integration/Models/Bracer/Bracer_Textures/Bracer_Normal.tga
  artifactKey: Guid(5e69db492d41dd94585f23f6b1345403) Importer(815301076,1909f56bfc062723c751e8b465ee728b)
Start importing Assets/Antilatency/Integration/Models/Bracer/Bracer_Textures/Bracer_Normal.tga using Guid(5e69db492d41dd94585f23f6b1345403) Importer(815301076,1909f56bfc062723c751e8b465ee728b)  -> (artifact id: 'a8f9663d4dc6b42fa0eed065640aaa90') in 0.332689 seconds
  Import took 0.347466 seconds .

========================================================================
Received Import Request.
  Time since last request: 0.000674 seconds.
  path: Assets/ZSP Assets/Models/Materials/FirstAidKit_MAT.mat
  artifactKey: Guid(5b2ed5206dd56e64b89fdb402d6ff1cb) Importer(815301076,1909f56bfc062723c751e8b465ee728b)
Start importing Assets/ZSP Assets/Models/Materials/FirstAidKit_MAT.mat using Guid(5b2ed5206dd56e64b89fdb402d6ff1cb) Importer(815301076,1909f56bfc062723c751e8b465ee728b)  -> (artifact id: '9077812dd02e27e74481dc4220ff3af5') in 0.394840 seconds
  Import took 0.399857 seconds .

========================================================================
Received Import Request.
  Time since last request: 5.353212 seconds.
  path: Assets/Prefabs/Alacena.prefab
  artifactKey: Guid(c57e5aad9e4bdf74ea330e08646602d5) Importer(815301076,1909f56bfc062723c751e8b465ee728b)
Start importing Assets/Prefabs/Alacena.prefab using Guid(c57e5aad9e4bdf74ea330e08646602d5) Importer(815301076,1909f56bfc062723c751e8b465ee728b)  -> (artifact id: 'ab50e48d4dff26d3ef43eedaad9cf2a6') in 0.164688 seconds
  Import took 0.172714 seconds .

========================================================================
Received Prepare
Registering precompiled user dll's ...
Registered in 1.372714 seconds.
Begin MonoManager ReloadAssembly
Native extension for WindowsStandalone target not found
Refreshing native plugins compatible for Editor in 0.97 ms, found 13 plugins.
Preloading 1 native plugins for Editor in 0.53 ms.
Invoked RoslynAnalysisRunner static constructor.
RoslynAnalysisRunner will not be running.
RoslynAnalysisRunner has terminated.
Mono: successfully reloaded assembly
- Completed reload, in  2.301 seconds
Platform modules already initialized, skipping
Switching build target platform(5) subTarget(0) extendedPlatform(0) -> platform(21) subTarget(0) extendedPlatform(0)
Refreshing native plugins compatible for Editor in 0.69 ms, found 13 plugins.
Preloading 1 native plugins for Editor in 0.29 ms.
Unloading 1440 Unused Serialized files (Serialized files now loaded: 0)
System memory in use before: 70.9 MB.
System memory in use after: 71.0 MB.

Unloading 57 unused Assets to reduce memory usage. Loaded Objects now: 1906.
Total: 2.047100 ms (FindLiveObjects: 0.176500 ms CreateObjectMapping: 0.062700 ms MarkObjects: 1.743900 ms  DeleteObjects: 0.062200 ms)

========================================================================
Received Prepare
Registering precompiled user dll's ...
Registered in 1.115560 seconds.
Begin MonoManager ReloadAssembly
Native extension for WindowsStandalone target not found
Refreshing native plugins compatible for Editor in 0.73 ms, found 13 plugins.
Preloading 1 native plugins for Editor in 0.51 ms.
Invoked RoslynAnalysisRunner static constructor.
RoslynAnalysisRunner will not be running.
RoslynAnalysisRunner has terminated.
Mono: successfully reloaded assembly
- Completed reload, in  2.198 seconds
Platform modules already initialized, skipping
Switching build target platform(5) subTarget(0) extendedPlatform(0) -> platform(21) subTarget(0) extendedPlatform(0)
Refreshing native plugins compatible for Editor in 0.70 ms, found 13 plugins.
Preloading 1 native plugins for Editor in 0.24 ms.
Unloading 1440 Unused Serialized files (Serialized files now loaded: 0)
System memory in use before: 70.9 MB.
System memory in use after: 71.0 MB.

Unloading 57 unused Assets to reduce memory usage. Loaded Objects now: 1910.
Total: 2.205100 ms (FindLiveObjects: 0.174800 ms CreateObjectMapping: 0.053300 ms MarkObjects: 1.913600 ms  DeleteObjects: 0.062000 ms)

========================================================================
Received Prepare
Registering precompiled user dll's ...
Registered in 1.113321 seconds.
Begin MonoManager ReloadAssembly
Native extension for WindowsStandalone target not found
Refreshing native plugins compatible for Editor in 0.74 ms, found 13 plugins.
Preloading 1 native plugins for Editor in 0.53 ms.
Invoked RoslynAnalysisRunner static constructor.
RoslynAnalysisRunner will not be running.
RoslynAnalysisRunner has terminated.
Mono: successfully reloaded assembly
- Completed reload, in  2.176 seconds
Platform modules already initialized, skipping
Switching build target platform(5) subTarget(0) extendedPlatform(0) -> platform(21) subTarget(0) extendedPlatform(0)
Refreshing native plugins compatible for Editor in 0.82 ms, found 13 plugins.
Preloading 1 native plugins for Editor in 0.29 ms.
Unloading 1440 Unused Serialized files (Serialized files now loaded: 0)
System memory in use before: 70.9 MB.
System memory in use after: 71.0 MB.

Unloading 57 unused Assets to reduce memory usage. Loaded Objects now: 1914.
Total: 1.857600 ms (FindLiveObjects: 0.174200 ms CreateObjectMapping: 0.050300 ms MarkObjects: 1.573300 ms  DeleteObjects: 0.058700 ms)

========================================================================
Received Prepare
Registering precompiled user dll's ...
Registered in 1.048901 seconds.
Begin MonoManager ReloadAssembly
Native extension for WindowsStandalone target not found
Refreshing native plugins compatible for Editor in 0.79 ms, found 13 plugins.
Preloading 1 native plugins for Editor in 0.51 ms.
Invoked RoslynAnalysisRunner static constructor.
RoslynAnalysisRunner will not be running.
RoslynAnalysisRunner has terminated.
Mono: successfully reloaded assembly
- Completed reload, in  2.276 seconds
Platform modules already initialized, skipping
Switching build target platform(5) subTarget(0) extendedPlatform(0) -> platform(21) subTarget(0) extendedPlatform(0)
Refreshing native plugins compatible for Editor in 0.83 ms, found 13 plugins.
Preloading 1 native plugins for Editor in 0.33 ms.
Unloading 1440 Unused Serialized files (Serialized files now loaded: 0)
System memory in use before: 71.0 MB.
System memory in use after: 71.0 MB.

Unloading 57 unused Assets to reduce memory usage. Loaded Objects now: 1918.
Total: 1.946600 ms (FindLiveObjects: 0.168900 ms CreateObjectMapping: 0.043400 ms MarkObjects: 1.674100 ms  DeleteObjects: 0.059100 ms)

========================================================================
Received Prepare
Registering precompiled user dll's ...
Registered in 1.109720 seconds.
Begin MonoManager ReloadAssembly
Native extension for WindowsStandalone target not found
Refreshing native plugins compatible for Editor in 0.76 ms, found 13 plugins.
Preloading 1 native plugins for Editor in 0.51 ms.
Invoked RoslynAnalysisRunner static constructor.
RoslynAnalysisRunner will not be running.
RoslynAnalysisRunner has terminated.
Mono: successfully reloaded assembly
- Completed reload, in  2.257 seconds
Platform modules already initialized, skipping
Switching build target platform(5) subTarget(0) extendedPlatform(0) -> platform(21) subTarget(0) extendedPlatform(0)
Refreshing native plugins compatible for Editor in 0.72 ms, found 13 plugins.
Preloading 1 native plugins for Editor in 0.39 ms.
Unloading 1440 Unused Serialized files (Serialized files now loaded: 0)
System memory in use before: 71.0 MB.
System memory in use after: 71.1 MB.

Unloading 57 unused Assets to reduce memory usage. Loaded Objects now: 1922.
Total: 2.302100 ms (FindLiveObjects: 0.175600 ms CreateObjectMapping: 0.060000 ms MarkObjects: 2.005100 ms  DeleteObjects: 0.060000 ms)

========================================================================
Received Prepare
Registering precompiled user dll's ...
Registered in 1.093599 seconds.
Begin MonoManager ReloadAssembly
Native extension for WindowsStandalone target not found
Refreshing native plugins compatible for Editor in 0.75 ms, found 13 plugins.
Preloading 1 native plugins for Editor in 0.53 ms.
Invoked RoslynAnalysisRunner static constructor.
RoslynAnalysisRunner will not be running.
RoslynAnalysisRunner has terminated.
Mono: successfully reloaded assembly
- Completed reload, in  2.346 seconds
Platform modules already initialized, skipping
Switching build target platform(5) subTarget(0) extendedPlatform(0) -> platform(21) subTarget(0) extendedPlatform(0)
Refreshing native plugins compatible for Editor in 0.71 ms, found 13 plugins.
Preloading 1 native plugins for Editor in 0.43 ms.
Unloading 1440 Unused Serialized files (Serialized files now loaded: 0)
System memory in use before: 71.0 MB.
System memory in use after: 71.1 MB.

Unloading 57 unused Assets to reduce memory usage. Loaded Objects now: 1926.
Total: 2.726200 ms (FindLiveObjects: 0.170500 ms CreateObjectMapping: 0.053000 ms MarkObjects: 2.428100 ms  DeleteObjects: 0.073200 ms)

========================================================================
Received Prepare
Registering precompiled user dll's ...
Registered in 1.141868 seconds.
Begin MonoManager ReloadAssembly
Native extension for WindowsStandalone target not found
Refreshing native plugins compatible for Editor in 1.40 ms, found 13 plugins.
Preloading 1 native plugins for Editor in 0.57 ms.
Invoked RoslynAnalysisRunner static constructor.
RoslynAnalysisRunner will not be running.
RoslynAnalysisRunner has terminated.
Mono: successfully reloaded assembly
- Completed reload, in  2.213 seconds
Platform modules already initialized, skipping
Switching build target platform(5) subTarget(0) extendedPlatform(0) -> platform(21) subTarget(0) extendedPlatform(0)
Refreshing native plugins compatible for Editor in 0.70 ms, found 13 plugins.
Preloading 1 native plugins for Editor in 0.29 ms.
Unloading 1440 Unused Serialized files (Serialized files now loaded: 0)
System memory in use before: 71.0 MB.
System memory in use after: 71.1 MB.

Unloading 57 unused Assets to reduce memory usage. Loaded Objects now: 1930.
Total: 1.756100 ms (FindLiveObjects: 0.148400 ms CreateObjectMapping: 0.048500 ms MarkObjects: 1.502700 ms  DeleteObjects: 0.055300 ms)

========================================================================
Received Prepare
Registering precompiled user dll's ...
Registered in 1.097415 seconds.
Begin MonoManager ReloadAssembly
Native extension for WindowsStandalone target not found
Refreshing native plugins compatible for Editor in 0.73 ms, found 13 plugins.
Preloading 1 native plugins for Editor in 0.44 ms.
Invoked RoslynAnalysisRunner static constructor.
RoslynAnalysisRunner will not be running.
RoslynAnalysisRunner has terminated.
Mono: successfully reloaded assembly
- Completed reload, in  2.192 seconds
Platform modules already initialized, skipping
Switching build target platform(5) subTarget(0) extendedPlatform(0) -> platform(21) subTarget(0) extendedPlatform(0)
Refreshing native plugins compatible for Editor in 0.76 ms, found 13 plugins.
Preloading 1 native plugins for Editor in 0.37 ms.
Unloading 1440 Unused Serialized files (Serialized files now loaded: 0)
System memory in use before: 71.0 MB.
System memory in use after: 71.1 MB.

Unloading 57 unused Assets to reduce memory usage. Loaded Objects now: 1934.
Total: 1.897400 ms (FindLiveObjects: 0.163200 ms CreateObjectMapping: 0.046600 ms MarkObjects: 1.630600 ms  DeleteObjects: 0.056100 ms)

========================================================================
Received Prepare
Registering precompiled user dll's ...
Registered in 1.000823 seconds.
Begin MonoManager ReloadAssembly
Native extension for WindowsStandalone target not found
Refreshing native plugins compatible for Editor in 0.82 ms, found 13 plugins.
Preloading 1 native plugins for Editor in 0.43 ms.
Invoked RoslynAnalysisRunner static constructor.
RoslynAnalysisRunner will not be running.
RoslynAnalysisRunner has terminated.
Mono: successfully reloaded assembly
- Completed reload, in  2.228 seconds
Platform modules already initialized, skipping
Switching build target platform(5) subTarget(0) extendedPlatform(0) -> platform(21) subTarget(0) extendedPlatform(0)
Refreshing native plugins compatible for Editor in 0.71 ms, found 13 plugins.
Preloading 1 native plugins for Editor in 0.30 ms.
Unloading 1440 Unused Serialized files (Serialized files now loaded: 0)
System memory in use before: 71.0 MB.
System memory in use after: 71.1 MB.

Unloading 57 unused Assets to reduce memory usage. Loaded Objects now: 1938.
Total: 1.666000 ms (FindLiveObjects: 0.170600 ms CreateObjectMapping: 0.052800 ms MarkObjects: 1.387200 ms  DeleteObjects: 0.054100 ms)

========================================================================
Received Prepare
Registering precompiled user dll's ...
Registered in 5.550380 seconds.
Begin MonoManager ReloadAssembly
Native extension for WindowsStandalone target not found
Refreshing native plugins compatible for Editor in 4.27 ms, found 13 plugins.
Preloading 1 native plugins for Editor in 1.23 ms.
Invoked RoslynAnalysisRunner static constructor.
RoslynAnalysisRunner will not be running.
RoslynAnalysisRunner has terminated.
Mono: successfully reloaded assembly
- Completed reload, in 10.638 seconds
Platform modules already initialized, skipping
Switching build target platform(5) subTarget(0) extendedPlatform(0) -> platform(21) subTarget(0) extendedPlatform(0)
Refreshing native plugins compatible for Editor in 3.99 ms, found 13 plugins.
Preloading 1 native plugins for Editor in 1.25 ms.
Unloading 1440 Unused Serialized files (Serialized files now loaded: 0)
System memory in use before: 71.0 MB.
System memory in use after: 71.1 MB.

Unloading 57 unused Assets to reduce memory usage. Loaded Objects now: 1942.
Total: 9.312900 ms (FindLiveObjects: 0.915900 ms CreateObjectMapping: 0.383000 ms MarkObjects: 7.805700 ms  DeleteObjects: 0.203400 ms)

========================================================================
Received Prepare
Registering precompiled user dll's ...
Registered in 5.016870 seconds.
Begin MonoManager ReloadAssembly
Native extension for WindowsStandalone target not found
Refreshing native plugins compatible for Editor in 5.29 ms, found 13 plugins.
Preloading 1 native plugins for Editor in 2.33 ms.
Invoked RoslynAnalysisRunner static constructor.
RoslynAnalysisRunner will not be running.
RoslynAnalysisRunner has terminated.
Mono: successfully reloaded assembly
- Completed reload, in 13.210 seconds
Platform modules already initialized, skipping
Switching build target platform(5) subTarget(0) extendedPlatform(0) -> platform(21) subTarget(0) extendedPlatform(0)
Refreshing native plugins compatible for Editor in 3.32 ms, found 13 plugins.
Preloading 1 native plugins for Editor in 1.17 ms.
Unloading 1440 Unused Serialized files (Serialized files now loaded: 0)
System memory in use before: 71.0 MB.
System memory in use after: 71.1 MB.

Unloading 57 unused Assets to reduce memory usage. Loaded Objects now: 1946.
Total: 6.900900 ms (FindLiveObjects: 0.525500 ms CreateObjectMapping: 0.206000 ms MarkObjects: 5.958500 ms  DeleteObjects: 0.205700 ms)

========================================================================
Received Prepare
Registering precompiled user dll's ...
Registered in 5.609148 seconds.
Begin MonoManager ReloadAssembly
Native extension for WindowsStandalone target not found
Refreshing native plugins compatible for Editor in 3.89 ms, found 13 plugins.
Preloading 1 native plugins for Editor in 1.90 ms.
Invoked RoslynAnalysisRunner static constructor.
RoslynAnalysisRunner will not be running.
RoslynAnalysisRunner has terminated.
Mono: successfully reloaded assembly
- Completed reload, in 13.967 seconds
Platform modules already initialized, skipping
Switching build target platform(5) subTarget(0) extendedPlatform(0) -> platform(21) subTarget(0) extendedPlatform(0)
Refreshing native plugins compatible for Editor in 3.61 ms, found 13 plugins.
Preloading 1 native plugins for Editor in 1.27 ms.
Unloading 1440 Unused Serialized files (Serialized files now loaded: 0)
System memory in use before: 71.0 MB.
System memory in use after: 71.1 MB.

Unloading 57 unused Assets to reduce memory usage. Loaded Objects now: 1950.
Total: 8.445000 ms (FindLiveObjects: 0.537100 ms CreateObjectMapping: 0.191800 ms MarkObjects: 7.484700 ms  DeleteObjects: 0.224700 ms)

========================================================================
Received Prepare
Registering precompiled user dll's ...
Registered in 4.662700 seconds.
Begin MonoManager ReloadAssembly
Native extension for WindowsStandalone target not found
Refreshing native plugins compatible for Editor in 2.99 ms, found 13 plugins.
Preloading 1 native plugins for Editor in 1.20 ms.
Invoked RoslynAnalysisRunner static constructor.
RoslynAnalysisRunner will not be running.
RoslynAnalysisRunner has terminated.
Mono: successfully reloaded assembly
- Completed reload, in 10.183 seconds
Platform modules already initialized, skipping
Switching build target platform(5) subTarget(0) extendedPlatform(0) -> platform(21) subTarget(0) extendedPlatform(0)
Refreshing native plugins compatible for Editor in 2.86 ms, found 13 plugins.
Preloading 1 native plugins for Editor in 1.26 ms.
Unloading 1440 Unused Serialized files (Serialized files now loaded: 0)
System memory in use before: 71.0 MB.
System memory in use after: 71.1 MB.

Unloading 57 unused Assets to reduce memory usage. Loaded Objects now: 1954.
Total: 6.450400 ms (FindLiveObjects: 0.507500 ms CreateObjectMapping: 0.192300 ms MarkObjects: 5.523000 ms  DeleteObjects: 0.222100 ms)

AssetImportWorkerClient::OnTransportError - code=2 error=End of file
